{"C:\\Users\\rushi\\OneDrive\\Desktop\\Surya\\Namaste React\\Code\\src\\components\\sum.js": {"path":"C:\\Users\\rushi\\OneDrive\\Desktop\\Surya\\Namaste React\\Code\\src\\components\\sum.js","statementMap":{"0":{"start":{"line":1,"column":19},"end":{"line":1,"column":34}},"1":{"start":{"line":1,"column":29},"end":{"line":1,"column":34}}},"fnMap":{"0":{"name":"(anonymous_0)","decl":{"start":{"line":1,"column":19},"end":{"line":1,"column":20}},"loc":{"start":{"line":1,"column":29},"end":{"line":1,"column":34}},"line":1}},"branchMap":{},"s":{"0":1,"1":1},"f":{"0":1},"b":{},"_coverageSchema":"1a1c01bbd47fc00a2c39e90264f33305004495a9","hash":"722753b16e35df33b28d470fc7c17b6c42544280"}
}
